[0m10:16:38.472329 [debug] [MainThread]: Sending event: {'category': 'dbt', 'action': 'invocation', 'label': 'start', 'context': [<snowplow_tracker.self_describing_json.SelfDescribingJson object at 0x7f27c95965f0>, <snowplow_tracker.self_describing_json.SelfDescribingJson object at 0x7f27c786a500>, <snowplow_tracker.self_describing_json.SelfDescribingJson object at 0x7f27c786a4a0>]}


============================== 10:16:38.478985 | 4e3d02a7-9494-4799-bcbd-e9a5cd3ec344 ==============================
[0m10:16:38.478985 [info ] [MainThread]: Running with dbt=1.7.13
[0m10:16:38.480228 [debug] [MainThread]: running dbt with arguments {'printer_width': '80', 'indirect_selection': 'eager', 'log_cache_events': 'False', 'write_json': 'True', 'partial_parse': 'True', 'cache_selected_only': 'False', 'profiles_dir': '/home/laode/.dbt', 'fail_fast': 'False', 'warn_error': 'None', 'log_path': 'logs', 'debug': 'False', 'version_check': 'True', 'use_colors': 'True', 'use_experimental_parser': 'False', 'no_print': 'None', 'quiet': 'False', 'log_format': 'default', 'invocation_command': 'dbt init', 'static_parser': 'True', 'introspect': 'True', 'target_path': 'None', 'warn_error_options': 'WarnErrorOptions(include=[], exclude=[])', 'send_anonymous_usage_stats': 'True'}
[0m10:16:38.481106 [warn ] [MainThread]: [ConfigFolderDirectory]: Unable to parse dict {'dir': PosixPath('/home/laode/.dbt')}
[0m10:16:38.481787 [info ] [MainThread]: Creating dbt configuration folder at 
[0m10:17:07.783926 [debug] [MainThread]: Starter project path: /home/laode/pacmann/dvd_rental/.venv/lib/python3.10/site-packages/dbt/include/starter_project
[0m10:17:07.827007 [info ] [MainThread]: 
Your new dbt project "dbt_transform" was created!

For more information on how to configure the profiles.yml file,
please consult the dbt documentation here:

  https://docs.getdbt.com/docs/configure-your-profile

One more thing:

Need help? Don't hesitate to reach out to us via GitHub issues or on Slack:

  https://community.getdbt.com/

Happy modeling!

[0m10:17:07.828078 [info ] [MainThread]: Setting up your profile.
[0m10:22:05.415730 [error] [MainThread]: Encountered an error:

[0m10:22:05.420013 [error] [MainThread]: Traceback (most recent call last):
  File "/home/laode/pacmann/dvd_rental/.venv/lib/python3.10/site-packages/dbt/cli/requires.py", line 91, in wrapper
    result, success = func(*args, **kwargs)
  File "/home/laode/pacmann/dvd_rental/.venv/lib/python3.10/site-packages/dbt/cli/requires.py", line 76, in wrapper
    return func(*args, **kwargs)
  File "/home/laode/pacmann/dvd_rental/.venv/lib/python3.10/site-packages/dbt/cli/main.py", line 515, in init
    results = task.run()
  File "/home/laode/pacmann/dvd_rental/.venv/lib/python3.10/site-packages/dbt/task/init.py", line 344, in run
    self.setup_profile(profile_name)
  File "/home/laode/pacmann/dvd_rental/.venv/lib/python3.10/site-packages/dbt/task/init.py", line 264, in setup_profile
    self.create_profile_from_target(adapter, profile_name=profile_name)
  File "/home/laode/pacmann/dvd_rental/.venv/lib/python3.10/site-packages/dbt/task/init.py", line 181, in create_profile_from_target
    self.create_profile_from_profile_template(profile_template, profile_name)
  File "/home/laode/pacmann/dvd_rental/.venv/lib/python3.10/site-packages/dbt/task/init.py", line 165, in create_profile_from_profile_template
    target = self.generate_target_from_input(prompts, initial_target)
  File "/home/laode/pacmann/dvd_rental/.venv/lib/python3.10/site-packages/dbt/task/init.py", line 131, in generate_target_from_input
    target[key] = click.prompt(
  File "/home/laode/pacmann/dvd_rental/.venv/lib/python3.10/site-packages/click/termui.py", line 164, in prompt
    value = prompt_func(prompt)
  File "/home/laode/pacmann/dvd_rental/.venv/lib/python3.10/site-packages/click/termui.py", line 147, in prompt_func
    raise Abort() from None
click.exceptions.Abort

[0m10:22:05.422778 [debug] [MainThread]: Resource report: {"command_name": "init", "command_wall_clock_time": 326.9527, "process_user_time": 2.909303, "process_kernel_time": 0.145986, "process_mem_max_rss": "92440", "process_in_blocks": "45488", "process_out_blocks": "72", "command_success": false}
[0m10:22:05.424238 [debug] [MainThread]: Command `dbt init` failed at 10:22:05.423859 after 326.95 seconds
[0m10:22:05.425286 [debug] [MainThread]: Sending event: {'category': 'dbt', 'action': 'invocation', 'label': 'end', 'context': [<snowplow_tracker.self_describing_json.SelfDescribingJson object at 0x7f27c95965f0>, <snowplow_tracker.self_describing_json.SelfDescribingJson object at 0x7f27c7927610>, <snowplow_tracker.self_describing_json.SelfDescribingJson object at 0x7f27c7926260>]}
[0m10:22:05.426434 [debug] [MainThread]: Flushing usage events
[0m10:22:10.802179 [debug] [MainThread]: Error sending anonymous usage statistics. Disabling tracking for this execution. If you wish to permanently disable tracking, see: https://docs.getdbt.com/reference/global-configs#send-anonymous-usage-stats.
[0m10:22:20.214451 [debug] [MainThread]: Sending event: {'category': 'dbt', 'action': 'invocation', 'label': 'start', 'context': [<snowplow_tracker.self_describing_json.SelfDescribingJson object at 0x7fd65b033fa0>, <snowplow_tracker.self_describing_json.SelfDescribingJson object at 0x7fd659312530>, <snowplow_tracker.self_describing_json.SelfDescribingJson object at 0x7fd6593124d0>]}


============================== 10:22:20.217796 | ca342f9f-517e-4cae-a1b9-4dd7394f97e1 ==============================
[0m10:22:20.217796 [info ] [MainThread]: Running with dbt=1.7.13
[0m10:22:20.218671 [debug] [MainThread]: running dbt with arguments {'printer_width': '80', 'indirect_selection': 'eager', 'log_cache_events': 'False', 'write_json': 'True', 'partial_parse': 'True', 'cache_selected_only': 'False', 'profiles_dir': '/home/laode/.dbt', 'fail_fast': 'False', 'debug': 'False', 'log_path': 'logs', 'version_check': 'True', 'warn_error': 'None', 'use_colors': 'True', 'use_experimental_parser': 'False', 'no_print': 'None', 'quiet': 'False', 'warn_error_options': 'WarnErrorOptions(include=[], exclude=[])', 'introspect': 'True', 'log_format': 'default', 'static_parser': 'True', 'target_path': 'None', 'invocation_command': 'dbt init', 'send_anonymous_usage_stats': 'True'}
[0m10:22:29.374003 [debug] [MainThread]: Starter project path: /home/laode/pacmann/dvd_rental/.venv/lib/python3.10/site-packages/dbt/include/starter_project
[0m10:22:29.399018 [info ] [MainThread]: 
Your new dbt project "dbt_transform" was created!

For more information on how to configure the profiles.yml file,
please consult the dbt documentation here:

  https://docs.getdbt.com/docs/configure-your-profile

One more thing:

Need help? Don't hesitate to reach out to us via GitHub issues or on Slack:

  https://community.getdbt.com/

Happy modeling!

[0m10:22:29.401295 [info ] [MainThread]: Setting up your profile.
[0m10:23:40.767499 [info ] [MainThread]: Profile dbt_transform written to /home/laode/.dbt/profiles.yml using target's profile_template.yml and your supplied values. Run 'dbt debug' to validate the connection.
[0m10:23:40.774619 [debug] [MainThread]: Resource report: {"command_name": "init", "command_success": true, "command_wall_clock_time": 80.561485, "process_user_time": 2.249011, "process_kernel_time": 0.070146, "process_mem_max_rss": "92336", "process_out_blocks": "72", "process_in_blocks": "0"}
[0m10:23:40.780243 [debug] [MainThread]: Command `dbt init` succeeded at 10:23:40.778681 after 80.57 seconds
[0m10:23:40.783492 [debug] [MainThread]: Sending event: {'category': 'dbt', 'action': 'invocation', 'label': 'end', 'context': [<snowplow_tracker.self_describing_json.SelfDescribingJson object at 0x7fd65b033fa0>, <snowplow_tracker.self_describing_json.SelfDescribingJson object at 0x7fd65d24f8b0>, <snowplow_tracker.self_describing_json.SelfDescribingJson object at 0x7fd6593124d0>]}
[0m10:23:40.788794 [debug] [MainThread]: Flushing usage events
[0m10:29:53.810018 [debug] [MainThread]: Sending event: {'category': 'dbt', 'action': 'invocation', 'label': 'start', 'context': [<snowplow_tracker.self_describing_json.SelfDescribingJson object at 0x7f8bf0ce65f0>, <snowplow_tracker.self_describing_json.SelfDescribingJson object at 0x7f8bf1367b80>, <snowplow_tracker.self_describing_json.SelfDescribingJson object at 0x7f8bf1367160>]}


============================== 10:29:53.812799 | ef48785c-5fd9-449b-84dd-cf6b9fb406ad ==============================
[0m10:29:53.812799 [info ] [MainThread]: Running with dbt=1.7.13
[0m10:29:53.813564 [debug] [MainThread]: running dbt with arguments {'printer_width': '80', 'indirect_selection': 'eager', 'write_json': 'True', 'log_cache_events': 'False', 'partial_parse': 'True', 'cache_selected_only': 'False', 'profiles_dir': '/home/laode/.dbt', 'debug': 'False', 'warn_error': 'None', 'log_path': 'logs', 'version_check': 'True', 'fail_fast': 'False', 'use_colors': 'True', 'use_experimental_parser': 'False', 'no_print': 'None', 'quiet': 'False', 'warn_error_options': 'WarnErrorOptions(include=[], exclude=[])', 'introspect': 'True', 'static_parser': 'True', 'log_format': 'default', 'target_path': 'None', 'invocation_command': 'dbt debug', 'send_anonymous_usage_stats': 'True'}
[0m10:29:53.814340 [info ] [MainThread]: dbt version: 1.7.13
[0m10:29:53.814981 [info ] [MainThread]: python version: 3.10.12
[0m10:29:53.815564 [info ] [MainThread]: python path: /home/laode/pacmann/dvd_rental/.venv/bin/python3
[0m10:29:53.816167 [info ] [MainThread]: os info: Linux-5.15.146.1-microsoft-standard-WSL2-x86_64-with-glibc2.35
[0m10:29:53.914304 [info ] [MainThread]: Using profiles dir at /home/laode/.dbt
[0m10:29:53.914963 [info ] [MainThread]: Using profiles.yml file at /home/laode/.dbt/profiles.yml
[0m10:29:53.915556 [info ] [MainThread]: Using dbt_project.yml file at /home/laode/pacmann/dvd_rental/pipeline/src_query/dbt_project.yml
[0m10:29:53.951703 [info ] [MainThread]: adapter type: postgres
[0m10:29:53.952879 [info ] [MainThread]: adapter version: 1.7.13
[0m10:29:53.953810 [info ] [MainThread]: Configuration:
[0m10:29:53.954756 [info ] [MainThread]:   profiles.yml file [[32mOK found and valid[0m]
[0m10:29:53.955785 [info ] [MainThread]:   dbt_project.yml file [[31mERROR not found[0m]
[0m10:29:53.956500 [info ] [MainThread]: Required dependencies:
[0m10:29:53.957160 [debug] [MainThread]: Executing "git --help"
[0m10:29:53.960807 [debug] [MainThread]: STDOUT: "b"usage: git [--version] [--help] [-C <path>] [-c <name>=<value>]\n           [--exec-path[=<path>]] [--html-path] [--man-path] [--info-path]\n           [-p | --paginate | -P | --no-pager] [--no-replace-objects] [--bare]\n           [--git-dir=<path>] [--work-tree=<path>] [--namespace=<name>]\n           [--super-prefix=<path>] [--config-env=<name>=<envvar>]\n           <command> [<args>]\n\nThese are common Git commands used in various situations:\n\nstart a working area (see also: git help tutorial)\n   clone     Clone a repository into a new directory\n   init      Create an empty Git repository or reinitialize an existing one\n\nwork on the current change (see also: git help everyday)\n   add       Add file contents to the index\n   mv        Move or rename a file, a directory, or a symlink\n   restore   Restore working tree files\n   rm        Remove files from the working tree and from the index\n\nexamine the history and state (see also: git help revisions)\n   bisect    Use binary search to find the commit that introduced a bug\n   diff      Show changes between commits, commit and working tree, etc\n   grep      Print lines matching a pattern\n   log       Show commit logs\n   show      Show various types of objects\n   status    Show the working tree status\n\ngrow, mark and tweak your common history\n   branch    List, create, or delete branches\n   commit    Record changes to the repository\n   merge     Join two or more development histories together\n   rebase    Reapply commits on top of another base tip\n   reset     Reset current HEAD to the specified state\n   switch    Switch branches\n   tag       Create, list, delete or verify a tag object signed with GPG\n\ncollaborate (see also: git help workflows)\n   fetch     Download objects and refs from another repository\n   pull      Fetch from and integrate with another repository or a local branch\n   push      Update remote refs along with associated objects\n\n'git help -a' and 'git help -g' list available subcommands and some\nconcept guides. See 'git help <command>' or 'git help <concept>'\nto read about a specific subcommand or concept.\nSee 'git help git' for an overview of the system.\n""
[0m10:29:53.961639 [debug] [MainThread]: STDERR: "b''"
[0m10:29:53.962311 [info ] [MainThread]:  - git [[32mOK found[0m]

[0m10:29:53.963040 [info ] [MainThread]: Connection:
[0m10:29:53.963678 [info ] [MainThread]:   host: localhost
[0m10:29:53.964222 [info ] [MainThread]:   port: 5434
[0m10:29:53.964744 [info ] [MainThread]:   user: postgres
[0m10:29:53.965384 [info ] [MainThread]:   database: dwh
[0m10:29:53.965915 [info ] [MainThread]:   schema: final
[0m10:29:53.966417 [info ] [MainThread]:   connect_timeout: 10
[0m10:29:53.966931 [info ] [MainThread]:   role: None
[0m10:29:53.967432 [info ] [MainThread]:   search_path: None
[0m10:29:53.967965 [info ] [MainThread]:   keepalives_idle: 0
[0m10:29:53.968468 [info ] [MainThread]:   sslmode: None
[0m10:29:53.969107 [info ] [MainThread]:   sslcert: None
[0m10:29:53.969741 [info ] [MainThread]:   sslkey: None
[0m10:29:53.970295 [info ] [MainThread]:   sslrootcert: None
[0m10:29:53.970813 [info ] [MainThread]:   application_name: dbt
[0m10:29:53.971337 [info ] [MainThread]:   retries: 1
[0m10:29:53.971974 [info ] [MainThread]: Registered adapter: postgres=1.7.13
[0m10:29:53.972968 [debug] [MainThread]: Acquiring new postgres connection 'debug'
[0m10:29:53.973675 [debug] [MainThread]: Using postgres connection "debug"
[0m10:29:53.974686 [debug] [MainThread]: On debug: select 1 as id
[0m10:29:53.975415 [debug] [MainThread]: Opening a new connection, currently in state init
[0m10:29:53.992501 [debug] [MainThread]: SQL status: SELECT 1 in 0.0 seconds
[0m10:29:53.994226 [debug] [MainThread]: On debug: Close
[0m10:29:53.995128 [info ] [MainThread]:   Connection test: [[32mOK connection ok[0m]

[0m10:29:53.996414 [info ] [MainThread]: [31m1 check failed:[0m
[0m10:29:53.997355 [info ] [MainThread]: Project loading failed for the following reason:
 project path </home/laode/pacmann/dvd_rental/pipeline/src_query/dbt_project.yml> not found

[0m10:29:53.998611 [debug] [MainThread]: Resource report: {"command_name": "debug", "command_wall_clock_time": 0.23858131, "process_user_time": 2.299593, "process_kernel_time": 0.049807, "process_mem_max_rss": "96264", "process_in_blocks": "3272", "process_out_blocks": "32", "command_success": false}
[0m10:29:53.999995 [debug] [MainThread]: Command `dbt debug` failed at 10:29:53.999657 after 0.24 seconds
[0m10:29:54.000672 [debug] [MainThread]: Connection 'debug' was properly closed.
[0m10:29:54.001442 [debug] [MainThread]: Sending event: {'category': 'dbt', 'action': 'invocation', 'label': 'end', 'context': [<snowplow_tracker.self_describing_json.SelfDescribingJson object at 0x7f8bf0ce65f0>, <snowplow_tracker.self_describing_json.SelfDescribingJson object at 0x7f8bef0c3b20>, <snowplow_tracker.self_describing_json.SelfDescribingJson object at 0x7f8bef0c1810>]}
[0m10:29:54.002423 [debug] [MainThread]: Flushing usage events
